<?xml version="1.0" encoding="UTF-8"?>
<testng-results skipped="0" failed="1" ignored="0" total="4" passed="3">
  <reporter-output>
  </reporter-output>
  <suite name="Suite" duration-ms="48132" started-at="2020-10-01T00:16:31 IST" finished-at="2020-10-01T00:17:19 IST">
    <groups>
    </groups>
    <test name="Test" duration-ms="48132" started-at="2020-10-01T00:16:31 IST" finished-at="2020-10-01T00:17:19 IST">
      <class name="academy.Home">
        <test-method status="PASS" signature="init()[pri:0, instance:academy.Home@71687585]" name="init" is-config="true" duration-ms="12471" started-at="2020-10-01T00:16:44 IST" finished-at="2020-10-01T00:16:57 IST">
          <reporter-output>
          </reporter-output>
        </test-method> <!-- init -->
        <test-method status="PASS" signature="launchHome(java.lang.String, java.lang.String)[pri:0, instance:academy.Home@71687585]" name="launchHome" duration-ms="1664" started-at="2020-10-01T00:17:08 IST" data-provider="data" finished-at="2020-10-01T00:17:09 IST">
          <params>
            <param index="0">
              <value>
                <![CDATA[dataprovider123@gmail.com]]>
              </value>
            </param>
            <param index="1">
              <value>
                <![CDATA[12345678]]>
              </value>
            </param>
          </params>
          <reporter-output>
          </reporter-output>
        </test-method> <!-- launchHome -->
        <test-method status="PASS" signature="launchHome(java.lang.String, java.lang.String)[pri:0, instance:academy.Home@71687585]" name="launchHome" duration-ms="1358" started-at="2020-10-01T00:17:09 IST" data-provider="data" finished-at="2020-10-01T00:17:11 IST">
          <params>
            <param index="0">
              <value>
                <![CDATA[restricteduser@gmail.com]]>
              </value>
            </param>
            <param index="1">
              <value>
                <![CDATA[12345678]]>
              </value>
            </param>
          </params>
          <reporter-output>
          </reporter-output>
        </test-method> <!-- launchHome -->
        <test-method status="PASS" signature="destroy()[pri:0, instance:academy.Home@71687585]" name="destroy" is-config="true" duration-ms="278" started-at="2020-10-01T00:17:14 IST" finished-at="2020-10-01T00:17:14 IST">
          <reporter-output>
          </reporter-output>
        </test-method> <!-- destroy -->
      </class> <!-- academy.Home -->
      <class name="academy.Login">
        <test-method status="PASS" signature="init()[pri:0, instance:academy.Login@1807f5a7]" name="init" is-config="true" duration-ms="10810" started-at="2020-10-01T00:16:57 IST" finished-at="2020-10-01T00:17:07 IST">
          <reporter-output>
          </reporter-output>
        </test-method> <!-- init -->
        <test-method status="PASS" signature="launchHome()[pri:0, instance:academy.Login@1807f5a7]" name="launchHome" duration-ms="1786" started-at="2020-10-01T00:17:11 IST" finished-at="2020-10-01T00:17:12 IST">
          <reporter-output>
          </reporter-output>
        </test-method> <!-- launchHome -->
        <test-method status="PASS" signature="destroy()[pri:0, instance:academy.Login@1807f5a7]" name="destroy" is-config="true" duration-ms="4387" started-at="2020-10-01T00:17:14 IST" finished-at="2020-10-01T00:17:19 IST">
          <reporter-output>
          </reporter-output>
        </test-method> <!-- destroy -->
      </class> <!-- academy.Login -->
      <class name="academy.AssertionExample">
        <test-method status="PASS" signature="init()[pri:0, instance:academy.AssertionExample@1b919693]" name="init" is-config="true" duration-ms="13685" started-at="2020-10-01T00:16:31 IST" finished-at="2020-10-01T00:16:44 IST">
          <reporter-output>
          </reporter-output>
        </test-method> <!-- init -->
        <test-method status="FAIL" signature="checkText()[pri:0, instance:academy.AssertionExample@1b919693]" name="checkText" duration-ms="130" started-at="2020-10-01T00:17:12 IST" finished-at="2020-10-01T00:17:13 IST">
          <exception class="java.lang.AssertionError">
            <message>
              <![CDATA[expected [FEATURED COURSES12] but found [FEATURED COURSES]]]>
            </message>
            <full-stacktrace>
              <![CDATA[java.lang.AssertionError: expected [FEATURED COURSES12] but found [FEATURED COURSES]
at org.testng.Assert.fail(Assert.java:99)
at org.testng.Assert.failNotEquals(Assert.java:1037)
at org.testng.Assert.assertEqualsImpl(Assert.java:140)
at org.testng.Assert.assertEquals(Assert.java:122)
at org.testng.Assert.assertEquals(Assert.java:629)
at org.testng.Assert.assertEquals(Assert.java:639)
at academy.AssertionExample.checkText(AssertionExample.java:40)
at sun.reflect.NativeMethodAccessorImpl.invoke0(Native Method)
at sun.reflect.NativeMethodAccessorImpl.invoke(NativeMethodAccessorImpl.java:62)
at sun.reflect.DelegatingMethodAccessorImpl.invoke(DelegatingMethodAccessorImpl.java:43)
at java.lang.reflect.Method.invoke(Method.java:498)
at org.testng.internal.MethodInvocationHelper.invokeMethod(MethodInvocationHelper.java:132)
at org.testng.internal.TestInvoker.invokeMethod(TestInvoker.java:599)
at org.testng.internal.TestInvoker.invokeTestMethod(TestInvoker.java:174)
at org.testng.internal.MethodRunner.runInSequence(MethodRunner.java:46)
at org.testng.internal.TestInvoker$MethodInvocationAgent.invoke(TestInvoker.java:822)
at org.testng.internal.TestInvoker.invokeTestMethods(TestInvoker.java:147)
at org.testng.internal.TestMethodWorker.invokeTestMethods(TestMethodWorker.java:146)
at org.testng.internal.TestMethodWorker.run(TestMethodWorker.java:128)
at java.util.ArrayList.forEach(ArrayList.java:1259)
at org.testng.TestRunner.privateRun(TestRunner.java:764)
at org.testng.TestRunner.run(TestRunner.java:585)
at org.testng.SuiteRunner.runTest(SuiteRunner.java:384)
at org.testng.SuiteRunner.runSequentially(SuiteRunner.java:378)
at org.testng.SuiteRunner.privateRun(SuiteRunner.java:337)
at org.testng.SuiteRunner.run(SuiteRunner.java:286)
at org.testng.SuiteRunnerWorker.runSuite(SuiteRunnerWorker.java:53)
at org.testng.SuiteRunnerWorker.run(SuiteRunnerWorker.java:96)
at org.testng.TestNG.runSuitesSequentially(TestNG.java:1218)
at org.testng.TestNG.runSuitesLocally(TestNG.java:1140)
at org.testng.TestNG.runSuites(TestNG.java:1069)
at org.testng.TestNG.run(TestNG.java:1037)
at org.testng.remote.AbstractRemoteTestNG.run(AbstractRemoteTestNG.java:115)
at org.testng.remote.RemoteTestNG.initAndRun(RemoteTestNG.java:251)
at org.testng.remote.RemoteTestNG.main(RemoteTestNG.java:77)
]]>
            </full-stacktrace>
          </exception> <!-- java.lang.AssertionError -->
          <reporter-output>
          </reporter-output>
        </test-method> <!-- checkText -->
        <test-method status="PASS" signature="destroy()[pri:0, instance:academy.AssertionExample@1b919693]" name="destroy" is-config="true" duration-ms="323" started-at="2020-10-01T00:17:14 IST" finished-at="2020-10-01T00:17:14 IST">
          <reporter-output>
          </reporter-output>
        </test-method> <!-- destroy -->
      </class> <!-- academy.AssertionExample -->
    </test> <!-- Test -->
  </suite> <!-- Suite -->
</testng-results>
